
==============================================================
java.lang.NumberFormatException: For input string: "5.000"
	at java.lang.NumberFormatException.forInputString(NumberFormatException.java:65)
	at java.lang.Integer.parseInt(Integer.java:580)
	at java.lang.Integer.parseInt(Integer.java:615)
	at KomponenGUI.JRibuanTextField.formatNumber(JRibuanTextField.java:88)
	at KomponenGUI.JRibuanTextField.setText(JRibuanTextField.java:61)
	at KomponenGUI.JRibuanTextField$1.focusGained(JRibuanTextField.java:26)
	at java.awt.AWTEventMulticaster.focusGained(AWTEventMulticaster.java:220)
	at java.awt.AWTEventMulticaster.focusGained(AWTEventMulticaster.java:219)
	at java.awt.Component.processFocusEvent(Component.java:6422)
	at java.awt.Component.processEvent(Component.java:6289)
	at java.awt.Container.processEvent(Container.java:2237)
	at java.awt.Component.dispatchEventImpl(Component.java:4889)
	at java.awt.Container.dispatchEventImpl(Container.java:2295)
	at java.awt.Component.dispatchEvent(Component.java:4711)
	at java.awt.KeyboardFocusManager.redispatchEvent(KeyboardFocusManager.java:1954)
	at java.awt.DefaultKeyboardFocusManager.typeAheadAssertions(DefaultKeyboardFocusManager.java:1015)
	at java.awt.DefaultKeyboardFocusManager.dispatchEvent(DefaultKeyboardFocusManager.java:639)
	at java.awt.Component.dispatchEventImpl(Component.java:4760)
	at java.awt.Container.dispatchEventImpl(Container.java:2295)
	at java.awt.Component.dispatchEvent(Component.java:4711)
	at java.awt.EventQueue.dispatchEventImpl(EventQueue.java:760)
	at java.awt.EventQueue.access$500(EventQueue.java:97)
	at java.awt.EventQueue$3.run(EventQueue.java:709)
	at java.awt.EventQueue$3.run(EventQueue.java:703)
	at java.security.AccessController.doPrivileged(Native Method)
	at java.security.ProtectionDomain$JavaSecurityAccessImpl.doIntersectionPrivilege(ProtectionDomain.java:80)
	at java.security.ProtectionDomain$JavaSecurityAccessImpl.doIntersectionPrivilege(ProtectionDomain.java:90)
	at java.awt.EventQueue$4.run(EventQueue.java:733)
	at java.awt.EventQueue$4.run(EventQueue.java:731)
	at java.security.AccessController.doPrivileged(Native Method)
	at java.security.ProtectionDomain$JavaSecurityAccessImpl.doIntersectionPrivilege(ProtectionDomain.java:80)
	at java.awt.EventQueue.dispatchEvent(EventQueue.java:730)
	at java.awt.EventDispatchThread.pumpOneEventForFilters(EventDispatchThread.java:205)
	at java.awt.EventDispatchThread.pumpEventsForFilter(EventDispatchThread.java:116)
	at java.awt.EventDispatchThread.pumpEventsForHierarchy(EventDispatchThread.java:105)
	at java.awt.EventDispatchThread.pumpEvents(EventDispatchThread.java:101)
	at java.awt.EventDispatchThread.pumpEvents(EventDispatchThread.java:93)
	at java.awt.EventDispatchThread.run(EventDispatchThread.java:82)

==============================================================
